[19-Dec-24 00:22:25][OPGG.py->cacher:47        ][INFO   ] : Cache found! Was last built: 2024-12-18 00:00:00
[19-Dec-24 00:22:25][OPGG.py->opgg:98        ][INFO   ] : OPGG.__init__(summoner_id=AVCaop7DsXMxYghWRgonI__cn6cKD9EssfdNn-A8NhKvW2U, region=NA, api_url=https://lol-web-api.op.gg/api/v1.0/internal/bypass/summoners/NA/AVCaop7DsXMxYghWRgonI__cn6cKD9EssfdNn-A8NhKvW2U/summary, headers={'User-Agent': 'Mozilla/5.0 (Windows NT 10.0; Win64; x64) AppleWebKit/537.36 (KHTML, like Gecko) Chrome/121.0.0.0 Safari/537.36 Edg/121.0.0.0'}, all_champions=None, all_seasons=None)
[19-Dec-24 00:22:26][OPGG.py->opgg:502       ][INFO   ] : Request to OPGG GAME_API was successful, parsing data (Content Length: 43998)...
[19-Dec-24 00:34:01][OPGG.py->cacher:47        ][INFO   ] : Cache found! Was last built: 2024-12-18 00:00:00
[19-Dec-24 00:34:01][OPGG.py->opgg:98        ][INFO   ] : OPGG.__init__(summoner_id=AVCaop7DsXMxYghWRgonI__cn6cKD9EssfdNn-A8NhKvW2U, region=NA, api_url=https://lol-web-api.op.gg/api/v1.0/internal/bypass/summoners/NA/AVCaop7DsXMxYghWRgonI__cn6cKD9EssfdNn-A8NhKvW2U/summary, headers={'User-Agent': 'Mozilla/5.0 (iPhone; CPU iPhone OS 17_3 like Mac OS X) AppleWebKit/605.1.15 (KHTML, like Gecko) CriOS/122.0.6261.62 Mobile/15E148 Safari/604.1'}, all_champions=None, all_seasons=None)
[19-Dec-24 00:34:01][OPGG.py->opgg:502       ][INFO   ] : Request to OPGG GAME_API was successful, parsing data (Content Length: 43998)...
[19-Dec-24 00:34:21][OPGG.py->cacher:47        ][INFO   ] : Cache found! Was last built: 2024-12-18 00:00:00
[19-Dec-24 00:34:21][OPGG.py->opgg:98        ][INFO   ] : OPGG.__init__(summoner_id=AVCaop7DsXMxYghWRgonI__cn6cKD9EssfdNn-A8NhKvW2U, region=NA, api_url=https://lol-web-api.op.gg/api/v1.0/internal/bypass/summoners/NA/AVCaop7DsXMxYghWRgonI__cn6cKD9EssfdNn-A8NhKvW2U/summary, headers={'User-Agent': 'Mozilla/5.0 (Windows NT 10.0; Win64; x64) AppleWebKit/537.36 (KHTML, like Gecko) Chrome/121.0.0.0 Safari/537.36 Edg/121.0.0.0'}, all_champions=None, all_seasons=None)
[19-Dec-24 00:34:22][OPGG.py->opgg:502       ][INFO   ] : Request to OPGG GAME_API was successful, parsing data (Content Length: 43998)...
[19-Dec-24 00:34:34][OPGG.py->cacher:47        ][INFO   ] : Cache found! Was last built: 2024-12-18 00:00:00
[19-Dec-24 00:34:34][OPGG.py->opgg:98        ][INFO   ] : OPGG.__init__(summoner_id=AVCaop7DsXMxYghWRgonI__cn6cKD9EssfdNn-A8NhKvW2U, region=NA, api_url=https://lol-web-api.op.gg/api/v1.0/internal/bypass/summoners/NA/AVCaop7DsXMxYghWRgonI__cn6cKD9EssfdNn-A8NhKvW2U/summary, headers={'User-Agent': 'Mozilla/5.0 (Windows NT 10.0; Win64; x64) AppleWebKit/537.36 (KHTML, like Gecko) Chrome/121.0.0.0 Safari/537.36 Edg/121.0.0.0'}, all_champions=None, all_seasons=None)
[19-Dec-24 00:34:35][OPGG.py->opgg:502       ][INFO   ] : Request to OPGG GAME_API was successful, parsing data (Content Length: 43998)...
[19-Dec-24 00:37:44][OPGG.py->cacher:47        ][INFO   ] : Cache found! Was last built: 2024-12-18 00:00:00
[19-Dec-24 00:37:44][OPGG.py->opgg:98        ][INFO   ] : OPGG.__init__(summoner_id=AVCaop7DsXMxYghWRgonI__cn6cKD9EssfdNn-A8NhKvW2U, region=NA, api_url=https://lol-web-api.op.gg/api/v1.0/internal/bypass/summoners/NA/AVCaop7DsXMxYghWRgonI__cn6cKD9EssfdNn-A8NhKvW2U/summary, headers={'User-Agent': 'Mozilla/5.0 (Windows NT 10.0; Win64; x64) AppleWebKit/537.36 (KHTML, like Gecko) Chrome/121.0.0.0 Safari/537.36 Edg/121.0.0.0 GLS/100.10.9415.94'}, all_champions=None, all_seasons=None)
[19-Dec-24 00:37:45][OPGG.py->opgg:502       ][INFO   ] : Request to OPGG GAME_API was successful, parsing data (Content Length: 43998)...
[19-Dec-24 00:44:42][OPGG.py->cacher:47        ][INFO   ] : Cache found! Was last built: 2024-12-18 00:00:00
[19-Dec-24 00:44:42][OPGG.py->opgg:98        ][INFO   ] : OPGG.__init__(summoner_id=AVCaop7DsXMxYghWRgonI__cn6cKD9EssfdNn-A8NhKvW2U, region=NA, api_url=https://lol-web-api.op.gg/api/v1.0/internal/bypass/summoners/NA/AVCaop7DsXMxYghWRgonI__cn6cKD9EssfdNn-A8NhKvW2U/summary, headers={'User-Agent': 'Mozilla/5.0 (Linux; Android 10; K) AppleWebKit/537.36 (KHTML, like Gecko) Chrome/122.0.0.0 Mobile Safari/537.36'}, all_champions=None, all_seasons=None)
[19-Dec-24 00:44:43][OPGG.py->opgg:502       ][INFO   ] : Request to OPGG GAME_API was successful, parsing data (Content Length: 43998)...
[19-Dec-24 00:46:56][OPGG.py->cacher:47        ][INFO   ] : Cache found! Was last built: 2024-12-18 00:00:00
[19-Dec-24 00:46:56][OPGG.py->opgg:98        ][INFO   ] : OPGG.__init__(summoner_id=AVCaop7DsXMxYghWRgonI__cn6cKD9EssfdNn-A8NhKvW2U, region=NA, api_url=https://lol-web-api.op.gg/api/v1.0/internal/bypass/summoners/NA/AVCaop7DsXMxYghWRgonI__cn6cKD9EssfdNn-A8NhKvW2U/summary, headers={'User-Agent': 'Mozilla/5.0 (Windows NT 10.0; Win64; x64) AppleWebKit/537.36 (KHTML, like Gecko) Chrome/122.0.0.0 Safari/537.36'}, all_champions=None, all_seasons=None)
[19-Dec-24 00:46:56][OPGG.py->opgg:502       ][INFO   ] : Request to OPGG GAME_API was successful, parsing data (Content Length: 43998)...
[19-Dec-24 00:48:34][OPGG.py->cacher:47        ][INFO   ] : Cache found! Was last built: 2024-12-18 00:00:00
[19-Dec-24 00:48:34][OPGG.py->opgg:98        ][INFO   ] : OPGG.__init__(summoner_id=AVCaop7DsXMxYghWRgonI__cn6cKD9EssfdNn-A8NhKvW2U, region=NA, api_url=https://lol-web-api.op.gg/api/v1.0/internal/bypass/summoners/NA/AVCaop7DsXMxYghWRgonI__cn6cKD9EssfdNn-A8NhKvW2U/summary, headers={'User-Agent': 'Mozilla/5.0 (Windows NT 10.0; Win64; x64) AppleWebKit/537.36 (KHTML, like Gecko) Chrome/121.0.0.0 Safari/537.36 Edg/121.0.0.0'}, all_champions=None, all_seasons=None)
[19-Dec-24 00:48:35][OPGG.py->opgg:502       ][INFO   ] : Request to OPGG GAME_API was successful, parsing data (Content Length: 43998)...
[19-Dec-24 00:49:10][OPGG.py->cacher:47        ][INFO   ] : Cache found! Was last built: 2024-12-18 00:00:00
[19-Dec-24 00:49:10][OPGG.py->opgg:98        ][INFO   ] : OPGG.__init__(summoner_id=AVCaop7DsXMxYghWRgonI__cn6cKD9EssfdNn-A8NhKvW2U, region=NA, api_url=https://lol-web-api.op.gg/api/v1.0/internal/bypass/summoners/NA/AVCaop7DsXMxYghWRgonI__cn6cKD9EssfdNn-A8NhKvW2U/summary, headers={'User-Agent': 'Mozilla/5.0 (Linux; Android 10; K) AppleWebKit/537.36 (KHTML, like Gecko) Chrome/121.0.0.0 Mobile Safari/537.36 EdgA/121.0.0.0'}, all_champions=None, all_seasons=None)
[19-Dec-24 00:49:11][OPGG.py->opgg:502       ][INFO   ] : Request to OPGG GAME_API was successful, parsing data (Content Length: 43998)...
[19-Dec-24 00:52:35][OPGG.py->cacher:47        ][INFO   ] : Cache found! Was last built: 2024-12-18 00:00:00
[19-Dec-24 00:52:35][OPGG.py->opgg:98        ][INFO   ] : OPGG.__init__(summoner_id=AVCaop7DsXMxYghWRgonI__cn6cKD9EssfdNn-A8NhKvW2U, region=NA, api_url=https://lol-web-api.op.gg/api/v1.0/internal/bypass/summoners/NA/AVCaop7DsXMxYghWRgonI__cn6cKD9EssfdNn-A8NhKvW2U/summary, headers={'User-Agent': 'Mozilla/5.0 (Windows NT 10.0; Win64; x64) AppleWebKit/537.36 (KHTML, like Gecko) Chrome/122.0.0.0 Safari/537.36'}, all_champions=None, all_seasons=None)
[19-Dec-24 00:52:36][OPGG.py->opgg:502       ][INFO   ] : Request to OPGG GAME_API was successful, parsing data (Content Length: 37782)...
[19-Dec-24 00:58:08][OPGG.py->cacher:47        ][INFO   ] : Cache found! Was last built: 2024-12-18 00:00:00
[19-Dec-24 00:58:08][OPGG.py->opgg:98        ][INFO   ] : OPGG.__init__(summoner_id=AVCaop7DsXMxYghWRgonI__cn6cKD9EssfdNn-A8NhKvW2U, region=NA, api_url=https://lol-web-api.op.gg/api/v1.0/internal/bypass/summoners/NA/AVCaop7DsXMxYghWRgonI__cn6cKD9EssfdNn-A8NhKvW2U/summary, headers={'User-Agent': 'Mozilla/5.0 (Windows NT 10.0; Win64; x64) AppleWebKit/537.36 (KHTML, like Gecko) Chrome/121.0.0.0 Safari/537.36 Edg/121.0.0.0'}, all_champions=None, all_seasons=None)
[19-Dec-24 00:58:08][OPGG.py->opgg:502       ][INFO   ] : Request to OPGG GAME_API was successful, parsing data (Content Length: 37782)...
[19-Dec-24 01:03:49][OPGG.py->cacher:47        ][INFO   ] : Cache found! Was last built: 2024-12-18 00:00:00
[19-Dec-24 01:03:49][OPGG.py->opgg:98        ][INFO   ] : OPGG.__init__(summoner_id=AVCaop7DsXMxYghWRgonI__cn6cKD9EssfdNn-A8NhKvW2U, region=NA, api_url=https://lol-web-api.op.gg/api/v1.0/internal/bypass/summoners/NA/AVCaop7DsXMxYghWRgonI__cn6cKD9EssfdNn-A8NhKvW2U/summary, headers={'User-Agent': 'Mozilla/5.0 (Windows NT 10.0; Win64; x64) AppleWebKit/537.36 (KHTML, like Gecko) Chrome/121.0.0.0 Safari/537.36 Edg/121.0.0.0'}, all_champions=None, all_seasons=None)
[19-Dec-24 01:03:50][OPGG.py->opgg:502       ][INFO   ] : Request to OPGG GAME_API was successful, parsing data (Content Length: 37782)...
[19-Dec-24 01:05:26][OPGG.py->cacher:47        ][INFO   ] : Cache found! Was last built: 2024-12-18 00:00:00
[19-Dec-24 01:05:26][OPGG.py->opgg:98        ][INFO   ] : OPGG.__init__(summoner_id=AVCaop7DsXMxYghWRgonI__cn6cKD9EssfdNn-A8NhKvW2U, region=NA, api_url=https://lol-web-api.op.gg/api/v1.0/internal/bypass/summoners/NA/AVCaop7DsXMxYghWRgonI__cn6cKD9EssfdNn-A8NhKvW2U/summary, headers={'User-Agent': 'Mozilla/5.0 (Windows NT 10.0; Win64; x64) AppleWebKit/537.36 (KHTML, like Gecko) Chrome/122.0.0.0 Safari/537.36'}, all_champions=None, all_seasons=None)
[19-Dec-24 01:05:26][OPGG.py->opgg:502       ][INFO   ] : Request to OPGG GAME_API was successful, parsing data (Content Length: 37782)...
[19-Dec-24 01:05:46][OPGG.py->cacher:47        ][INFO   ] : Cache found! Was last built: 2024-12-18 00:00:00
[19-Dec-24 01:05:46][OPGG.py->opgg:98        ][INFO   ] : OPGG.__init__(summoner_id=AVCaop7DsXMxYghWRgonI__cn6cKD9EssfdNn-A8NhKvW2U, region=NA, api_url=https://lol-web-api.op.gg/api/v1.0/internal/bypass/summoners/NA/AVCaop7DsXMxYghWRgonI__cn6cKD9EssfdNn-A8NhKvW2U/summary, headers={'User-Agent': 'Mozilla/5.0 (Windows NT 10.0; Win64; x64) AppleWebKit/537.36 (KHTML, like Gecko) Chrome/122.0.0.0 Safari/537.36'}, all_champions=None, all_seasons=None)
[19-Dec-24 01:05:47][OPGG.py->opgg:502       ][INFO   ] : Request to OPGG GAME_API was successful, parsing data (Content Length: 37782)...
[19-Dec-24 01:06:52][OPGG.py->cacher:47        ][INFO   ] : Cache found! Was last built: 2024-12-18 00:00:00
[19-Dec-24 01:06:52][OPGG.py->opgg:98        ][INFO   ] : OPGG.__init__(summoner_id=AVCaop7DsXMxYghWRgonI__cn6cKD9EssfdNn-A8NhKvW2U, region=NA, api_url=https://lol-web-api.op.gg/api/v1.0/internal/bypass/summoners/NA/AVCaop7DsXMxYghWRgonI__cn6cKD9EssfdNn-A8NhKvW2U/summary, headers={'User-Agent': 'Mozilla/5.0 (Macintosh; Intel Mac OS X 10_12_5; rv:123.0esr) Gecko/20100101 Firefox/123.0esr'}, all_champions=None, all_seasons=None)
[19-Dec-24 01:06:52][OPGG.py->opgg:502       ][INFO   ] : Request to OPGG GAME_API was successful, parsing data (Content Length: 37782)...
[19-Dec-24 01:07:31][OPGG.py->cacher:47        ][INFO   ] : Cache found! Was last built: 2024-12-18 00:00:00
[19-Dec-24 01:07:31][OPGG.py->opgg:98        ][INFO   ] : OPGG.__init__(summoner_id=AVCaop7DsXMxYghWRgonI__cn6cKD9EssfdNn-A8NhKvW2U, region=NA, api_url=https://lol-web-api.op.gg/api/v1.0/internal/bypass/summoners/NA/AVCaop7DsXMxYghWRgonI__cn6cKD9EssfdNn-A8NhKvW2U/summary, headers={'User-Agent': 'Mozilla/5.0 (Android 8.1.0; Mobile; rv:123.0) Gecko/123.0 Firefox/123.0'}, all_champions=None, all_seasons=None)
[19-Dec-24 01:07:32][OPGG.py->opgg:502       ][INFO   ] : Request to OPGG GAME_API was successful, parsing data (Content Length: 37782)...
[19-Dec-24 01:14:24][OPGG.py->cacher:47        ][INFO   ] : Cache found! Was last built: 2024-12-18 00:00:00
[19-Dec-24 01:14:24][OPGG.py->opgg:98        ][INFO   ] : OPGG.__init__(summoner_id=AVCaop7DsXMxYghWRgonI__cn6cKD9EssfdNn-A8NhKvW2U, region=NA, api_url=https://lol-web-api.op.gg/api/v1.0/internal/bypass/summoners/NA/AVCaop7DsXMxYghWRgonI__cn6cKD9EssfdNn-A8NhKvW2U/summary, headers={'User-Agent': 'Mozilla/5.0 (Linux; Android 10; K) AppleWebKit/537.36 (KHTML, like Gecko) Chrome/122.0.0.0 Mobile Safari/537.36'}, all_champions=None, all_seasons=None)
[19-Dec-24 01:14:25][OPGG.py->opgg:502       ][INFO   ] : Request to OPGG GAME_API was successful, parsing data (Content Length: 37782)...
[19-Dec-24 01:57:53][OPGG.py->cacher:47        ][INFO   ] : Cache found! Was last built: 2024-12-18 00:00:00
[19-Dec-24 01:57:53][OPGG.py->opgg:98        ][INFO   ] : OPGG.__init__(summoner_id=None, region=NA, api_url=https://lol-web-api.op.gg/api/v1.0/internal/bypass/summoners/NA/None/summary, headers={'User-Agent': 'Mozilla/5.0 (Windows NT 10.0; Win64; x64) AppleWebKit/537.36 (KHTML, like Gecko) Chrome/121.0.0.0 Safari/537.36 Edg/121.0.0.0'}, all_champions=None, all_seasons=None)
[19-Dec-24 01:57:53][OPGG.py->cacher:222       ][INFO   ] : Getting Fraggetti#EUW's summoner id from cache database...
[19-Dec-24 01:57:53][OPGG.py->cacher:234       ][INFO   ] : Fraggetti#EUW's summoner_id not found in cache database.
[19-Dec-24 01:57:56][OPGG.py->opgg:429       ][INFO   ] : No cache for 1 summoners: ['Fraggetti#EUW'], fetching... (using get_page_props() site scraper)
[19-Dec-24 01:57:56][OPGG.py->cacher:647       ][INFO   ] : Getting all seasons from cache database...
[19-Dec-24 01:57:56][OPGG.py->cacher:655       ][INFO   ] : Found 0 seasons in cache database.
[19-Dec-24 01:57:56][OPGG.py->cacher:417       ][INFO   ] : Getting all champions from cache database...
[19-Dec-24 01:57:56][OPGG.py->cacher:427       ][INFO   ] : Found 0 champions in cache database.
[19-Dec-24 01:57:56][OPGG.py->cacher:647       ][INFO   ] : Getting all seasons from cache database...
[19-Dec-24 01:57:56][OPGG.py->cacher:655       ][INFO   ] : Found 0 seasons in cache database.
[19-Dec-24 01:57:56][OPGG.py->cacher:633       ][INFO   ] : You've made several changes to the database. Total rows affected: 27
[19-Dec-24 01:57:56][OPGG.py->cacher:403       ][INFO   ] : You've made several changes to the database. Total rows affected: 2931
[19-Dec-24 01:57:56][OPGG.py->opgg:216       ][INFO   ] : Sending request to OPGG API... (API_URL = https://lol-web-api.op.gg/api/v1.0/internal/bypass/summoners/EUW/El0jslF-0bCO9GnWzrt81ZZ7yaDJS6qkefJOiTE7i-0YXlE/summary, HEADERS = {'User-Agent': 'Mozilla/5.0 (Windows NT 10.0; Win64; x64) AppleWebKit/537.36 (KHTML, like Gecko) Chrome/121.0.0.0 Safari/537.36 Edg/121.0.0.0'})
[19-Dec-24 01:57:56][OPGG.py->opgg:225       ][INFO   ] : Request to OPGG API was successful, parsing data (Content Length: 9311)...
[19-Dec-24 01:57:56][OPGG.py->opgg:360       ][ERROR  ] : Error parsing some summoner data... (Could be that they just come in as nulls...): Traceback (most recent call last):
  File "C:\Users\hell0\miniconda3\envs\sMLfinallab\Lib\site-packages\opgg\opgg.py", line 246, in get_summoner
    for rank_entry in season["rank_entries"]:
                      ~~~~~~^^^^^^^^^^^^^^^^
KeyError: 'rank_entries'

[19-Dec-24 01:57:56][OPGG.py->opgg:477       ][INFO   ] : Summoner object built for: Fraggetti (El0jslF-0bCO9GnWzrt81ZZ7yaDJS6qkefJOiTE7i-0YXlE), caching...
[19-Dec-24 01:57:56][OPGG.py->cacher:201       ][INFO   ] : You have made changes to the database. Table: tblSummoners | Rows affected: 1
[19-Dec-24 01:58:11][OPGG.py->cacher:47        ][INFO   ] : Cache found! Was last built: 2024-12-18 00:00:00
[19-Dec-24 01:58:11][OPGG.py->opgg:98        ][INFO   ] : OPGG.__init__(summoner_id=None, region=NA, api_url=https://lol-web-api.op.gg/api/v1.0/internal/bypass/summoners/NA/None/summary, headers={'User-Agent': 'Mozilla/5.0 (Windows NT 10.0; Win64; x64) AppleWebKit/537.36 (KHTML, like Gecko) Chrome/122.0.0.0 Safari/537.36'}, all_champions=None, all_seasons=None)
[19-Dec-24 01:58:11][OPGG.py->cacher:222       ][INFO   ] : Getting Fraggetti#EUW's summoner id from cache database...
[19-Dec-24 01:58:11][OPGG.py->cacher:234       ][INFO   ] : Fraggetti#EUW's summoner_id not found in cache database.
[19-Dec-24 01:58:13][OPGG.py->opgg:429       ][INFO   ] : No cache for 1 summoners: ['Fraggetti#EUW'], fetching... (using get_page_props() site scraper)
[19-Dec-24 01:58:13][OPGG.py->cacher:647       ][INFO   ] : Getting all seasons from cache database...
[19-Dec-24 01:58:13][OPGG.py->cacher:655       ][INFO   ] : Found 27 seasons in cache database.
[19-Dec-24 01:58:13][OPGG.py->cacher:417       ][INFO   ] : Getting all champions from cache database...
[19-Dec-24 01:58:13][OPGG.py->cacher:427       ][INFO   ] : Found 169 champions in cache database.
[19-Dec-24 01:58:13][OPGG.py->cacher:450       ][INFO   ] : Successfully rebuilt the "Annie" champion object from cache. (1/169)
[19-Dec-24 01:58:13][OPGG.py->cacher:450       ][INFO   ] : Successfully rebuilt the "Olaf" champion object from cache. (2/169)
[19-Dec-24 01:58:13][OPGG.py->cacher:450       ][INFO   ] : Successfully rebuilt the "Galio" champion object from cache. (3/169)
[19-Dec-24 01:58:13][OPGG.py->cacher:450       ][INFO   ] : Successfully rebuilt the "Twisted Fate" champion object from cache. (4/169)
[19-Dec-24 01:58:13][OPGG.py->cacher:450       ][INFO   ] : Successfully rebuilt the "Xin Zhao" champion object from cache. (5/169)
[19-Dec-24 01:58:13][OPGG.py->cacher:450       ][INFO   ] : Successfully rebuilt the "Urgot" champion object from cache. (6/169)
[19-Dec-24 01:58:13][OPGG.py->cacher:450       ][INFO   ] : Successfully rebuilt the "LeBlanc" champion object from cache. (7/169)
[19-Dec-24 01:58:13][OPGG.py->cacher:450       ][INFO   ] : Successfully rebuilt the "Vladimir" champion object from cache. (8/169)
[19-Dec-24 01:58:13][OPGG.py->cacher:450       ][INFO   ] : Successfully rebuilt the "Fiddlesticks" champion object from cache. (9/169)
[19-Dec-24 01:58:13][OPGG.py->cacher:450       ][INFO   ] : Successfully rebuilt the "Kayle" champion object from cache. (10/169)
[19-Dec-24 01:58:13][OPGG.py->cacher:450       ][INFO   ] : Successfully rebuilt the "Master Yi" champion object from cache. (11/169)
[19-Dec-24 01:58:13][OPGG.py->cacher:450       ][INFO   ] : Successfully rebuilt the "Alistar" champion object from cache. (12/169)
[19-Dec-24 01:58:13][OPGG.py->cacher:450       ][INFO   ] : Successfully rebuilt the "Ryze" champion object from cache. (13/169)
[19-Dec-24 01:58:13][OPGG.py->cacher:450       ][INFO   ] : Successfully rebuilt the "Sion" champion object from cache. (14/169)
[19-Dec-24 01:58:13][OPGG.py->cacher:450       ][INFO   ] : Successfully rebuilt the "Sivir" champion object from cache. (15/169)
[19-Dec-24 01:58:13][OPGG.py->cacher:450       ][INFO   ] : Successfully rebuilt the "Soraka" champion object from cache. (16/169)
[19-Dec-24 01:58:13][OPGG.py->cacher:450       ][INFO   ] : Successfully rebuilt the "Teemo" champion object from cache. (17/169)
[19-Dec-24 01:58:13][OPGG.py->cacher:450       ][INFO   ] : Successfully rebuilt the "Tristana" champion object from cache. (18/169)
[19-Dec-24 01:58:13][OPGG.py->cacher:450       ][INFO   ] : Successfully rebuilt the "Warwick" champion object from cache. (19/169)
[19-Dec-24 01:58:13][OPGG.py->cacher:450       ][INFO   ] : Successfully rebuilt the "Nunu & Willump" champion object from cache. (20/169)
[19-Dec-24 01:58:13][OPGG.py->cacher:450       ][INFO   ] : Successfully rebuilt the "Miss Fortune" champion object from cache. (21/169)
[19-Dec-24 01:58:13][OPGG.py->cacher:450       ][INFO   ] : Successfully rebuilt the "Ashe" champion object from cache. (22/169)
[19-Dec-24 01:58:13][OPGG.py->cacher:450       ][INFO   ] : Successfully rebuilt the "Tryndamere" champion object from cache. (23/169)
[19-Dec-24 01:58:13][OPGG.py->cacher:450       ][INFO   ] : Successfully rebuilt the "Jax" champion object from cache. (24/169)
[19-Dec-24 01:58:13][OPGG.py->cacher:450       ][INFO   ] : Successfully rebuilt the "Morgana" champion object from cache. (25/169)
[19-Dec-24 01:58:13][OPGG.py->cacher:450       ][INFO   ] : Successfully rebuilt the "Zilean" champion object from cache. (26/169)
[19-Dec-24 01:58:13][OPGG.py->cacher:450       ][INFO   ] : Successfully rebuilt the "Singed" champion object from cache. (27/169)
[19-Dec-24 01:58:13][OPGG.py->cacher:450       ][INFO   ] : Successfully rebuilt the "Evelynn" champion object from cache. (28/169)
[19-Dec-24 01:58:13][OPGG.py->cacher:450       ][INFO   ] : Successfully rebuilt the "Twitch" champion object from cache. (29/169)
[19-Dec-24 01:58:13][OPGG.py->cacher:450       ][INFO   ] : Successfully rebuilt the "Karthus" champion object from cache. (30/169)
[19-Dec-24 01:58:13][OPGG.py->cacher:450       ][INFO   ] : Successfully rebuilt the "Cho'Gath" champion object from cache. (31/169)
[19-Dec-24 01:58:13][OPGG.py->cacher:450       ][INFO   ] : Successfully rebuilt the "Amumu" champion object from cache. (32/169)
[19-Dec-24 01:58:13][OPGG.py->cacher:450       ][INFO   ] : Successfully rebuilt the "Rammus" champion object from cache. (33/169)
[19-Dec-24 01:58:13][OPGG.py->cacher:450       ][INFO   ] : Successfully rebuilt the "Anivia" champion object from cache. (34/169)
[19-Dec-24 01:58:13][OPGG.py->cacher:450       ][INFO   ] : Successfully rebuilt the "Shaco" champion object from cache. (35/169)
[19-Dec-24 01:58:13][OPGG.py->cacher:450       ][INFO   ] : Successfully rebuilt the "Dr. Mundo" champion object from cache. (36/169)
[19-Dec-24 01:58:13][OPGG.py->cacher:450       ][INFO   ] : Successfully rebuilt the "Sona" champion object from cache. (37/169)
[19-Dec-24 01:58:13][OPGG.py->cacher:450       ][INFO   ] : Successfully rebuilt the "Kassadin" champion object from cache. (38/169)
[19-Dec-24 01:58:13][OPGG.py->cacher:450       ][INFO   ] : Successfully rebuilt the "Irelia" champion object from cache. (39/169)
[19-Dec-24 01:58:13][OPGG.py->cacher:450       ][INFO   ] : Successfully rebuilt the "Janna" champion object from cache. (40/169)
[19-Dec-24 01:58:13][OPGG.py->cacher:450       ][INFO   ] : Successfully rebuilt the "Gangplank" champion object from cache. (41/169)
[19-Dec-24 01:58:13][OPGG.py->cacher:450       ][INFO   ] : Successfully rebuilt the "Corki" champion object from cache. (42/169)
[19-Dec-24 01:58:13][OPGG.py->cacher:450       ][INFO   ] : Successfully rebuilt the "Karma" champion object from cache. (43/169)
[19-Dec-24 01:58:13][OPGG.py->cacher:450       ][INFO   ] : Successfully rebuilt the "Taric" champion object from cache. (44/169)
[19-Dec-24 01:58:13][OPGG.py->cacher:450       ][INFO   ] : Successfully rebuilt the "Veigar" champion object from cache. (45/169)
[19-Dec-24 01:58:13][OPGG.py->cacher:450       ][INFO   ] : Successfully rebuilt the "Trundle" champion object from cache. (46/169)
[19-Dec-24 01:58:13][OPGG.py->cacher:450       ][INFO   ] : Successfully rebuilt the "Swain" champion object from cache. (47/169)
[19-Dec-24 01:58:13][OPGG.py->cacher:450       ][INFO   ] : Successfully rebuilt the "Caitlyn" champion object from cache. (48/169)
[19-Dec-24 01:58:13][OPGG.py->cacher:450       ][INFO   ] : Successfully rebuilt the "Blitzcrank" champion object from cache. (49/169)
[19-Dec-24 01:58:13][OPGG.py->cacher:450       ][INFO   ] : Successfully rebuilt the "Malphite" champion object from cache. (50/169)
[19-Dec-24 01:58:13][OPGG.py->cacher:450       ][INFO   ] : Successfully rebuilt the "Katarina" champion object from cache. (51/169)
[19-Dec-24 01:58:13][OPGG.py->cacher:450       ][INFO   ] : Successfully rebuilt the "Nocturne" champion object from cache. (52/169)
[19-Dec-24 01:58:13][OPGG.py->cacher:450       ][INFO   ] : Successfully rebuilt the "Maokai" champion object from cache. (53/169)
[19-Dec-24 01:58:13][OPGG.py->cacher:450       ][INFO   ] : Successfully rebuilt the "Renekton" champion object from cache. (54/169)
[19-Dec-24 01:58:13][OPGG.py->cacher:450       ][INFO   ] : Successfully rebuilt the "Jarvan IV" champion object from cache. (55/169)
[19-Dec-24 01:58:13][OPGG.py->cacher:450       ][INFO   ] : Successfully rebuilt the "Elise" champion object from cache. (56/169)
[19-Dec-24 01:58:13][OPGG.py->cacher:450       ][INFO   ] : Successfully rebuilt the "Orianna" champion object from cache. (57/169)
[19-Dec-24 01:58:13][OPGG.py->cacher:450       ][INFO   ] : Successfully rebuilt the "Wukong" champion object from cache. (58/169)
[19-Dec-24 01:58:13][OPGG.py->cacher:450       ][INFO   ] : Successfully rebuilt the "Brand" champion object from cache. (59/169)
[19-Dec-24 01:58:13][OPGG.py->cacher:450       ][INFO   ] : Successfully rebuilt the "Lee Sin" champion object from cache. (60/169)
[19-Dec-24 01:58:13][OPGG.py->cacher:450       ][INFO   ] : Successfully rebuilt the "Vayne" champion object from cache. (61/169)
[19-Dec-24 01:58:13][OPGG.py->cacher:450       ][INFO   ] : Successfully rebuilt the "Rumble" champion object from cache. (62/169)
[19-Dec-24 01:58:13][OPGG.py->cacher:450       ][INFO   ] : Successfully rebuilt the "Cassiopeia" champion object from cache. (63/169)
[19-Dec-24 01:58:13][OPGG.py->cacher:450       ][INFO   ] : Successfully rebuilt the "Skarner" champion object from cache. (64/169)
[19-Dec-24 01:58:13][OPGG.py->cacher:450       ][INFO   ] : Successfully rebuilt the "Heimerdinger" champion object from cache. (65/169)
[19-Dec-24 01:58:13][OPGG.py->cacher:450       ][INFO   ] : Successfully rebuilt the "Nasus" champion object from cache. (66/169)
[19-Dec-24 01:58:13][OPGG.py->cacher:450       ][INFO   ] : Successfully rebuilt the "Nidalee" champion object from cache. (67/169)
[19-Dec-24 01:58:13][OPGG.py->cacher:450       ][INFO   ] : Successfully rebuilt the "Udyr" champion object from cache. (68/169)
[19-Dec-24 01:58:13][OPGG.py->cacher:450       ][INFO   ] : Successfully rebuilt the "Poppy" champion object from cache. (69/169)
[19-Dec-24 01:58:13][OPGG.py->cacher:450       ][INFO   ] : Successfully rebuilt the "Gragas" champion object from cache. (70/169)
[19-Dec-24 01:58:13][OPGG.py->cacher:450       ][INFO   ] : Successfully rebuilt the "Pantheon" champion object from cache. (71/169)
[19-Dec-24 01:58:13][OPGG.py->cacher:450       ][INFO   ] : Successfully rebuilt the "Ezreal" champion object from cache. (72/169)
[19-Dec-24 01:58:13][OPGG.py->cacher:450       ][INFO   ] : Successfully rebuilt the "Mordekaiser" champion object from cache. (73/169)
[19-Dec-24 01:58:13][OPGG.py->cacher:450       ][INFO   ] : Successfully rebuilt the "Yorick" champion object from cache. (74/169)
[19-Dec-24 01:58:13][OPGG.py->cacher:450       ][INFO   ] : Successfully rebuilt the "Akali" champion object from cache. (75/169)
[19-Dec-24 01:58:13][OPGG.py->cacher:450       ][INFO   ] : Successfully rebuilt the "Kennen" champion object from cache. (76/169)
[19-Dec-24 01:58:13][OPGG.py->cacher:450       ][INFO   ] : Successfully rebuilt the "Garen" champion object from cache. (77/169)
[19-Dec-24 01:58:13][OPGG.py->cacher:450       ][INFO   ] : Successfully rebuilt the "Leona" champion object from cache. (78/169)
[19-Dec-24 01:58:13][OPGG.py->cacher:450       ][INFO   ] : Successfully rebuilt the "Malzahar" champion object from cache. (79/169)
[19-Dec-24 01:58:13][OPGG.py->cacher:450       ][INFO   ] : Successfully rebuilt the "Talon" champion object from cache. (80/169)
[19-Dec-24 01:58:13][OPGG.py->cacher:450       ][INFO   ] : Successfully rebuilt the "Riven" champion object from cache. (81/169)
[19-Dec-24 01:58:13][OPGG.py->cacher:450       ][INFO   ] : Successfully rebuilt the "Kog'Maw" champion object from cache. (82/169)
[19-Dec-24 01:58:13][OPGG.py->cacher:450       ][INFO   ] : Successfully rebuilt the "Shen" champion object from cache. (83/169)
[19-Dec-24 01:58:13][OPGG.py->cacher:450       ][INFO   ] : Successfully rebuilt the "Lux" champion object from cache. (84/169)
[19-Dec-24 01:58:13][OPGG.py->cacher:450       ][INFO   ] : Successfully rebuilt the "Xerath" champion object from cache. (85/169)
[19-Dec-24 01:58:13][OPGG.py->cacher:450       ][INFO   ] : Successfully rebuilt the "Shyvana" champion object from cache. (86/169)
[19-Dec-24 01:58:13][OPGG.py->cacher:450       ][INFO   ] : Successfully rebuilt the "Ahri" champion object from cache. (87/169)
[19-Dec-24 01:58:13][OPGG.py->cacher:450       ][INFO   ] : Successfully rebuilt the "Graves" champion object from cache. (88/169)
[19-Dec-24 01:58:13][OPGG.py->cacher:450       ][INFO   ] : Successfully rebuilt the "Fizz" champion object from cache. (89/169)
[19-Dec-24 01:58:13][OPGG.py->cacher:450       ][INFO   ] : Successfully rebuilt the "Volibear" champion object from cache. (90/169)
[19-Dec-24 01:58:13][OPGG.py->cacher:450       ][INFO   ] : Successfully rebuilt the "Rengar" champion object from cache. (91/169)
[19-Dec-24 01:58:13][OPGG.py->cacher:450       ][INFO   ] : Successfully rebuilt the "Varus" champion object from cache. (92/169)
[19-Dec-24 01:58:13][OPGG.py->cacher:450       ][INFO   ] : Successfully rebuilt the "Nautilus" champion object from cache. (93/169)
[19-Dec-24 01:58:13][OPGG.py->cacher:450       ][INFO   ] : Successfully rebuilt the "Viktor" champion object from cache. (94/169)
[19-Dec-24 01:58:13][OPGG.py->cacher:450       ][INFO   ] : Successfully rebuilt the "Sejuani" champion object from cache. (95/169)
[19-Dec-24 01:58:13][OPGG.py->cacher:450       ][INFO   ] : Successfully rebuilt the "Fiora" champion object from cache. (96/169)
[19-Dec-24 01:58:14][OPGG.py->cacher:450       ][INFO   ] : Successfully rebuilt the "Ziggs" champion object from cache. (97/169)
[19-Dec-24 01:58:14][OPGG.py->cacher:450       ][INFO   ] : Successfully rebuilt the "Lulu" champion object from cache. (98/169)
[19-Dec-24 01:58:14][OPGG.py->cacher:450       ][INFO   ] : Successfully rebuilt the "Draven" champion object from cache. (99/169)
[19-Dec-24 01:58:14][OPGG.py->cacher:450       ][INFO   ] : Successfully rebuilt the "Hecarim" champion object from cache. (100/169)
[19-Dec-24 01:58:14][OPGG.py->cacher:450       ][INFO   ] : Successfully rebuilt the "Kha'Zix" champion object from cache. (101/169)
[19-Dec-24 01:58:14][OPGG.py->cacher:450       ][INFO   ] : Successfully rebuilt the "Darius" champion object from cache. (102/169)
[19-Dec-24 01:58:14][OPGG.py->cacher:450       ][INFO   ] : Successfully rebuilt the "Jayce" champion object from cache. (103/169)
[19-Dec-24 01:58:14][OPGG.py->cacher:450       ][INFO   ] : Successfully rebuilt the "Lissandra" champion object from cache. (104/169)
[19-Dec-24 01:58:14][OPGG.py->cacher:450       ][INFO   ] : Successfully rebuilt the "Diana" champion object from cache. (105/169)
[19-Dec-24 01:58:14][OPGG.py->cacher:450       ][INFO   ] : Successfully rebuilt the "Quinn" champion object from cache. (106/169)
[19-Dec-24 01:58:14][OPGG.py->cacher:450       ][INFO   ] : Successfully rebuilt the "Syndra" champion object from cache. (107/169)
[19-Dec-24 01:58:14][OPGG.py->cacher:450       ][INFO   ] : Successfully rebuilt the "Aurelion Sol" champion object from cache. (108/169)
[19-Dec-24 01:58:14][OPGG.py->cacher:450       ][INFO   ] : Successfully rebuilt the "Kayn" champion object from cache. (109/169)
[19-Dec-24 01:58:14][OPGG.py->cacher:450       ][INFO   ] : Successfully rebuilt the "Zoe" champion object from cache. (110/169)
[19-Dec-24 01:58:14][OPGG.py->cacher:450       ][INFO   ] : Successfully rebuilt the "Zyra" champion object from cache. (111/169)
[19-Dec-24 01:58:14][OPGG.py->cacher:450       ][INFO   ] : Successfully rebuilt the "Kai'Sa" champion object from cache. (112/169)
[19-Dec-24 01:58:14][OPGG.py->cacher:450       ][INFO   ] : Successfully rebuilt the "Seraphine" champion object from cache. (113/169)
[19-Dec-24 01:58:14][OPGG.py->cacher:450       ][INFO   ] : Successfully rebuilt the "Gnar" champion object from cache. (114/169)
[19-Dec-24 01:58:14][OPGG.py->cacher:450       ][INFO   ] : Successfully rebuilt the "Zac" champion object from cache. (115/169)
[19-Dec-24 01:58:14][OPGG.py->cacher:450       ][INFO   ] : Successfully rebuilt the "Yasuo" champion object from cache. (116/169)
[19-Dec-24 01:58:14][OPGG.py->cacher:450       ][INFO   ] : Successfully rebuilt the "Vel'Koz" champion object from cache. (117/169)
[19-Dec-24 01:58:14][OPGG.py->cacher:450       ][INFO   ] : Successfully rebuilt the "Taliyah" champion object from cache. (118/169)
[19-Dec-24 01:58:14][OPGG.py->cacher:450       ][INFO   ] : Successfully rebuilt the "Camille" champion object from cache. (119/169)
[19-Dec-24 01:58:14][OPGG.py->cacher:450       ][INFO   ] : Successfully rebuilt the "Akshan" champion object from cache. (120/169)
[19-Dec-24 01:58:14][OPGG.py->cacher:450       ][INFO   ] : Successfully rebuilt the "Bel'Veth" champion object from cache. (121/169)
[19-Dec-24 01:58:14][OPGG.py->cacher:450       ][INFO   ] : Successfully rebuilt the "Braum" champion object from cache. (122/169)
[19-Dec-24 01:58:14][OPGG.py->cacher:450       ][INFO   ] : Successfully rebuilt the "Jhin" champion object from cache. (123/169)
[19-Dec-24 01:58:14][OPGG.py->cacher:450       ][INFO   ] : Successfully rebuilt the "Kindred" champion object from cache. (124/169)
[19-Dec-24 01:58:14][OPGG.py->cacher:450       ][INFO   ] : Successfully rebuilt the "Zeri" champion object from cache. (125/169)
[19-Dec-24 01:58:14][OPGG.py->cacher:450       ][INFO   ] : Successfully rebuilt the "Jinx" champion object from cache. (126/169)
[19-Dec-24 01:58:14][OPGG.py->cacher:450       ][INFO   ] : Successfully rebuilt the "Tahm Kench" champion object from cache. (127/169)
[19-Dec-24 01:58:14][OPGG.py->cacher:450       ][INFO   ] : Successfully rebuilt the "Briar" champion object from cache. (128/169)
[19-Dec-24 01:58:14][OPGG.py->cacher:450       ][INFO   ] : Successfully rebuilt the "Viego" champion object from cache. (129/169)
[19-Dec-24 01:58:14][OPGG.py->cacher:450       ][INFO   ] : Successfully rebuilt the "Senna" champion object from cache. (130/169)
[19-Dec-24 01:58:14][OPGG.py->cacher:450       ][INFO   ] : Successfully rebuilt the "Lucian" champion object from cache. (131/169)
[19-Dec-24 01:58:14][OPGG.py->cacher:450       ][INFO   ] : Successfully rebuilt the "Zed" champion object from cache. (132/169)
[19-Dec-24 01:58:14][OPGG.py->cacher:450       ][INFO   ] : Successfully rebuilt the "Kled" champion object from cache. (133/169)
[19-Dec-24 01:58:14][OPGG.py->cacher:450       ][INFO   ] : Successfully rebuilt the "Ekko" champion object from cache. (134/169)
[19-Dec-24 01:58:14][OPGG.py->cacher:450       ][INFO   ] : Successfully rebuilt the "Qiyana" champion object from cache. (135/169)
[19-Dec-24 01:58:14][OPGG.py->cacher:450       ][INFO   ] : Successfully rebuilt the "Vi" champion object from cache. (136/169)
[19-Dec-24 01:58:14][OPGG.py->cacher:450       ][INFO   ] : Successfully rebuilt the "Aatrox" champion object from cache. (137/169)
[19-Dec-24 01:58:14][OPGG.py->cacher:450       ][INFO   ] : Successfully rebuilt the "Nami" champion object from cache. (138/169)
[19-Dec-24 01:58:14][OPGG.py->cacher:450       ][INFO   ] : Successfully rebuilt the "Azir" champion object from cache. (139/169)
[19-Dec-24 01:58:14][OPGG.py->cacher:450       ][INFO   ] : Successfully rebuilt the "Yuumi" champion object from cache. (140/169)
[19-Dec-24 01:58:14][OPGG.py->cacher:450       ][INFO   ] : Successfully rebuilt the "Samira" champion object from cache. (141/169)
[19-Dec-24 01:58:14][OPGG.py->cacher:450       ][INFO   ] : Successfully rebuilt the "Thresh" champion object from cache. (142/169)
[19-Dec-24 01:58:14][OPGG.py->cacher:450       ][INFO   ] : Successfully rebuilt the "Illaoi" champion object from cache. (143/169)
[19-Dec-24 01:58:14][OPGG.py->cacher:450       ][INFO   ] : Successfully rebuilt the "Rek'Sai" champion object from cache. (144/169)
[19-Dec-24 01:58:14][OPGG.py->cacher:450       ][INFO   ] : Successfully rebuilt the "Ivern" champion object from cache. (145/169)
[19-Dec-24 01:58:14][OPGG.py->cacher:450       ][INFO   ] : Successfully rebuilt the "Kalista" champion object from cache. (146/169)
[19-Dec-24 01:58:14][OPGG.py->cacher:450       ][INFO   ] : Successfully rebuilt the "Bard" champion object from cache. (147/169)
[19-Dec-24 01:58:14][OPGG.py->cacher:450       ][INFO   ] : Successfully rebuilt the "Rakan" champion object from cache. (148/169)
[19-Dec-24 01:58:14][OPGG.py->cacher:450       ][INFO   ] : Successfully rebuilt the "Xayah" champion object from cache. (149/169)
[19-Dec-24 01:58:14][OPGG.py->cacher:450       ][INFO   ] : Successfully rebuilt the "Ornn" champion object from cache. (150/169)
[19-Dec-24 01:58:14][OPGG.py->cacher:450       ][INFO   ] : Successfully rebuilt the "Sylas" champion object from cache. (151/169)
[19-Dec-24 01:58:14][OPGG.py->cacher:450       ][INFO   ] : Successfully rebuilt the "Neeko" champion object from cache. (152/169)
[19-Dec-24 01:58:14][OPGG.py->cacher:450       ][INFO   ] : Successfully rebuilt the "Aphelios" champion object from cache. (153/169)
[19-Dec-24 01:58:14][OPGG.py->cacher:450       ][INFO   ] : Successfully rebuilt the "Rell" champion object from cache. (154/169)
[19-Dec-24 01:58:14][OPGG.py->cacher:450       ][INFO   ] : Successfully rebuilt the "Pyke" champion object from cache. (155/169)
[19-Dec-24 01:58:14][OPGG.py->cacher:450       ][INFO   ] : Successfully rebuilt the "Vex" champion object from cache. (156/169)
[19-Dec-24 01:58:14][OPGG.py->cacher:450       ][INFO   ] : Successfully rebuilt the "Yone" champion object from cache. (157/169)
[19-Dec-24 01:58:14][OPGG.py->cacher:450       ][INFO   ] : Successfully rebuilt the "Ambessa" champion object from cache. (158/169)
[19-Dec-24 01:58:14][OPGG.py->cacher:450       ][INFO   ] : Successfully rebuilt the "Sett" champion object from cache. (159/169)
[19-Dec-24 01:58:14][OPGG.py->cacher:450       ][INFO   ] : Successfully rebuilt the "Lillia" champion object from cache. (160/169)
[19-Dec-24 01:58:14][OPGG.py->cacher:450       ][INFO   ] : Successfully rebuilt the "Gwen" champion object from cache. (161/169)
[19-Dec-24 01:58:14][OPGG.py->cacher:450       ][INFO   ] : Successfully rebuilt the "Renata Glasc" champion object from cache. (162/169)
[19-Dec-24 01:58:14][OPGG.py->cacher:450       ][INFO   ] : Successfully rebuilt the "Aurora" champion object from cache. (163/169)
[19-Dec-24 01:58:14][OPGG.py->cacher:450       ][INFO   ] : Successfully rebuilt the "Nilah" champion object from cache. (164/169)
[19-Dec-24 01:58:14][OPGG.py->cacher:450       ][INFO   ] : Successfully rebuilt the "K'Sante" champion object from cache. (165/169)
[19-Dec-24 01:58:14][OPGG.py->cacher:450       ][INFO   ] : Successfully rebuilt the "Smolder" champion object from cache. (166/169)
[19-Dec-24 01:58:14][OPGG.py->cacher:450       ][INFO   ] : Successfully rebuilt the "Milio" champion object from cache. (167/169)
[19-Dec-24 01:58:14][OPGG.py->cacher:450       ][INFO   ] : Successfully rebuilt the "Hwei" champion object from cache. (168/169)
[19-Dec-24 01:58:14][OPGG.py->cacher:450       ][INFO   ] : Successfully rebuilt the "Naafiri" champion object from cache. (169/169)
[19-Dec-24 01:58:14][OPGG.py->opgg:216       ][INFO   ] : Sending request to OPGG API... (API_URL = https://lol-web-api.op.gg/api/v1.0/internal/bypass/summoners/EUW/El0jslF-0bCO9GnWzrt81ZZ7yaDJS6qkefJOiTE7i-0YXlE/summary, HEADERS = {'User-Agent': 'Mozilla/5.0 (Windows NT 10.0; Win64; x64) AppleWebKit/537.36 (KHTML, like Gecko) Chrome/122.0.0.0 Safari/537.36'})
[19-Dec-24 01:58:14][OPGG.py->opgg:225       ][INFO   ] : Request to OPGG API was successful, parsing data (Content Length: 9311)...
[19-Dec-24 01:58:14][OPGG.py->opgg:360       ][ERROR  ] : Error parsing some summoner data... (Could be that they just come in as nulls...): Traceback (most recent call last):
  File "C:\Users\hell0\miniconda3\envs\sMLfinallab\Lib\site-packages\opgg\opgg.py", line 246, in get_summoner
    for rank_entry in season["rank_entries"]:
                      ~~~~~~^^^^^^^^^^^^^^^^
KeyError: 'rank_entries'

[19-Dec-24 01:58:14][OPGG.py->opgg:477       ][INFO   ] : Summoner object built for: Fraggetti (El0jslF-0bCO9GnWzrt81ZZ7yaDJS6qkefJOiTE7i-0YXlE), caching...
[19-Dec-24 01:58:14][OPGG.py->cacher:201       ][INFO   ] : You have made changes to the database. Table: tblSummoners | Rows affected: 0
